c:\users\elvin\source\repos2019\fsfilter2\fsfilter2\x64\debug\vc142.pdb
c:\users\elvin\source\repos2019\fsfilter2\fsfilter2\x64\debug\fsfilter2.obj
c:\users\elvin\source\repos2019\fsfilter2\x64\debug\fsfilter2\fsfilter2.cat
c:\users\elvin\source\repos2019\fsfilter2\x64\debug\fsfilter2.sys
c:\users\elvin\source\repos2019\fsfilter2\x64\debug\fsfilter2.pdb
c:\users\elvin\source\repos2019\fsfilter2\fsfilter2\x64\debug\fsfilter2.res
c:\users\elvin\source\repos2019\fsfilter2\fsfilter2\x64\debug\fsfilter2.inf
c:\users\elvin\source\repos2019\fsfilter2\x64\debug\fsfilter2.cer
c:\users\elvin\source\repos2019\fsfilter2\x64\debug\fsfilter2.inf
c:\users\elvin\source\repos2019\fsfilter2\fsfilter2\x64\debug\fsfilter2.tlog\cl.command.1.tlog
c:\users\elvin\source\repos2019\fsfilter2\fsfilter2\x64\debug\fsfilter2.tlog\cl.read.1.tlog
c:\users\elvin\source\repos2019\fsfilter2\fsfilter2\x64\debug\fsfilter2.tlog\cl.write.1.tlog
c:\users\elvin\source\repos2019\fsfilter2\fsfilter2\x64\debug\fsfilter2.tlog\inf2cat-expand.10040.read.1.tlog
c:\users\elvin\source\repos2019\fsfilter2\fsfilter2\x64\debug\fsfilter2.tlog\inf2cat-expand.10040.write.1.tlog
c:\users\elvin\source\repos2019\fsfilter2\fsfilter2\x64\debug\fsfilter2.tlog\inf2cat-expand.10292.read.1.tlog
c:\users\elvin\source\repos2019\fsfilter2\fsfilter2\x64\debug\fsfilter2.tlog\inf2cat-expand.10292.write.1.tlog
c:\users\elvin\source\repos2019\fsfilter2\fsfilter2\x64\debug\fsfilter2.tlog\inf2cat-expand.10332.read.1.tlog
c:\users\elvin\source\repos2019\fsfilter2\fsfilter2\x64\debug\fsfilter2.tlog\inf2cat-expand.10332.write.1.tlog
c:\users\elvin\source\repos2019\fsfilter2\fsfilter2\x64\debug\fsfilter2.tlog\inf2cat-expand.10396.read.1.tlog
c:\users\elvin\source\repos2019\fsfilter2\fsfilter2\x64\debug\fsfilter2.tlog\inf2cat-expand.10396.write.1.tlog
c:\users\elvin\source\repos2019\fsfilter2\fsfilter2\x64\debug\fsfilter2.tlog\inf2cat-expand.10456.read.1.tlog
c:\users\elvin\source\repos2019\fsfilter2\fsfilter2\x64\debug\fsfilter2.tlog\inf2cat-expand.10456.write.1.tlog
c:\users\elvin\source\repos2019\fsfilter2\fsfilter2\x64\debug\fsfilter2.tlog\inf2cat-expand.10492.read.1.tlog
c:\users\elvin\source\repos2019\fsfilter2\fsfilter2\x64\debug\fsfilter2.tlog\inf2cat-expand.10492.write.1.tlog
c:\users\elvin\source\repos2019\fsfilter2\fsfilter2\x64\debug\fsfilter2.tlog\inf2cat-expand.10764.read.1.tlog
c:\users\elvin\source\repos2019\fsfilter2\fsfilter2\x64\debug\fsfilter2.tlog\inf2cat-expand.10764.write.1.tlog
c:\users\elvin\source\repos2019\fsfilter2\fsfilter2\x64\debug\fsfilter2.tlog\inf2cat-expand.10772.read.1.tlog
c:\users\elvin\source\repos2019\fsfilter2\fsfilter2\x64\debug\fsfilter2.tlog\inf2cat-expand.10772.write.1.tlog
c:\users\elvin\source\repos2019\fsfilter2\fsfilter2\x64\debug\fsfilter2.tlog\inf2cat-expand.10840.read.1.tlog
c:\users\elvin\source\repos2019\fsfilter2\fsfilter2\x64\debug\fsfilter2.tlog\inf2cat-expand.10840.write.1.tlog
c:\users\elvin\source\repos2019\fsfilter2\fsfilter2\x64\debug\fsfilter2.tlog\inf2cat-expand.11092.read.1.tlog
c:\users\elvin\source\repos2019\fsfilter2\fsfilter2\x64\debug\fsfilter2.tlog\inf2cat-expand.11092.write.1.tlog
c:\users\elvin\source\repos2019\fsfilter2\fsfilter2\x64\debug\fsfilter2.tlog\inf2cat-expand.11392.read.1.tlog
c:\users\elvin\source\repos2019\fsfilter2\fsfilter2\x64\debug\fsfilter2.tlog\inf2cat-expand.11392.write.1.tlog
c:\users\elvin\source\repos2019\fsfilter2\fsfilter2\x64\debug\fsfilter2.tlog\inf2cat-expand.11564.read.1.tlog
c:\users\elvin\source\repos2019\fsfilter2\fsfilter2\x64\debug\fsfilter2.tlog\inf2cat-expand.11564.write.1.tlog
c:\users\elvin\source\repos2019\fsfilter2\fsfilter2\x64\debug\fsfilter2.tlog\inf2cat-expand.11704.read.1.tlog
c:\users\elvin\source\repos2019\fsfilter2\fsfilter2\x64\debug\fsfilter2.tlog\inf2cat-expand.11704.write.1.tlog
c:\users\elvin\source\repos2019\fsfilter2\fsfilter2\x64\debug\fsfilter2.tlog\inf2cat-expand.11824.read.1.tlog
c:\users\elvin\source\repos2019\fsfilter2\fsfilter2\x64\debug\fsfilter2.tlog\inf2cat-expand.11824.write.1.tlog
c:\users\elvin\source\repos2019\fsfilter2\fsfilter2\x64\debug\fsfilter2.tlog\inf2cat-expand.12008.read.1.tlog
c:\users\elvin\source\repos2019\fsfilter2\fsfilter2\x64\debug\fsfilter2.tlog\inf2cat-expand.12008.write.1.tlog
c:\users\elvin\source\repos2019\fsfilter2\fsfilter2\x64\debug\fsfilter2.tlog\inf2cat-expand.12176.read.1.tlog
c:\users\elvin\source\repos2019\fsfilter2\fsfilter2\x64\debug\fsfilter2.tlog\inf2cat-expand.12176.write.1.tlog
c:\users\elvin\source\repos2019\fsfilter2\fsfilter2\x64\debug\fsfilter2.tlog\inf2cat-expand.12468.read.1.tlog
c:\users\elvin\source\repos2019\fsfilter2\fsfilter2\x64\debug\fsfilter2.tlog\inf2cat-expand.12468.write.1.tlog
c:\users\elvin\source\repos2019\fsfilter2\fsfilter2\x64\debug\fsfilter2.tlog\inf2cat-expand.12800.read.1.tlog
c:\users\elvin\source\repos2019\fsfilter2\fsfilter2\x64\debug\fsfilter2.tlog\inf2cat-expand.12800.write.1.tlog
c:\users\elvin\source\repos2019\fsfilter2\fsfilter2\x64\debug\fsfilter2.tlog\inf2cat-expand.12852.read.1.tlog
c:\users\elvin\source\repos2019\fsfilter2\fsfilter2\x64\debug\fsfilter2.tlog\inf2cat-expand.12852.write.1.tlog
c:\users\elvin\source\repos2019\fsfilter2\fsfilter2\x64\debug\fsfilter2.tlog\inf2cat-expand.13356.read.1.tlog
c:\users\elvin\source\repos2019\fsfilter2\fsfilter2\x64\debug\fsfilter2.tlog\inf2cat-expand.13356.write.1.tlog
c:\users\elvin\source\repos2019\fsfilter2\fsfilter2\x64\debug\fsfilter2.tlog\inf2cat-expand.13472.read.1.tlog
c:\users\elvin\source\repos2019\fsfilter2\fsfilter2\x64\debug\fsfilter2.tlog\inf2cat-expand.13472.write.1.tlog
c:\users\elvin\source\repos2019\fsfilter2\fsfilter2\x64\debug\fsfilter2.tlog\inf2cat-expand.13504.read.1.tlog
c:\users\elvin\source\repos2019\fsfilter2\fsfilter2\x64\debug\fsfilter2.tlog\inf2cat-expand.13504.write.1.tlog
c:\users\elvin\source\repos2019\fsfilter2\fsfilter2\x64\debug\fsfilter2.tlog\inf2cat-expand.13512.read.1.tlog
c:\users\elvin\source\repos2019\fsfilter2\fsfilter2\x64\debug\fsfilter2.tlog\inf2cat-expand.13512.write.1.tlog
c:\users\elvin\source\repos2019\fsfilter2\fsfilter2\x64\debug\fsfilter2.tlog\inf2cat-expand.13528.read.1.tlog
c:\users\elvin\source\repos2019\fsfilter2\fsfilter2\x64\debug\fsfilter2.tlog\inf2cat-expand.13528.write.1.tlog
c:\users\elvin\source\repos2019\fsfilter2\fsfilter2\x64\debug\fsfilter2.tlog\inf2cat-expand.13612.read.1.tlog
c:\users\elvin\source\repos2019\fsfilter2\fsfilter2\x64\debug\fsfilter2.tlog\inf2cat-expand.13612.write.1.tlog
c:\users\elvin\source\repos2019\fsfilter2\fsfilter2\x64\debug\fsfilter2.tlog\inf2cat-expand.13656.read.1.tlog
c:\users\elvin\source\repos2019\fsfilter2\fsfilter2\x64\debug\fsfilter2.tlog\inf2cat-expand.13656.write.1.tlog
c:\users\elvin\source\repos2019\fsfilter2\fsfilter2\x64\debug\fsfilter2.tlog\inf2cat-expand.13676.read.1.tlog
c:\users\elvin\source\repos2019\fsfilter2\fsfilter2\x64\debug\fsfilter2.tlog\inf2cat-expand.13676.write.1.tlog
c:\users\elvin\source\repos2019\fsfilter2\fsfilter2\x64\debug\fsfilter2.tlog\inf2cat-expand.13920.read.1.tlog
c:\users\elvin\source\repos2019\fsfilter2\fsfilter2\x64\debug\fsfilter2.tlog\inf2cat-expand.13920.write.1.tlog
c:\users\elvin\source\repos2019\fsfilter2\fsfilter2\x64\debug\fsfilter2.tlog\inf2cat-expand.13940.read.1.tlog
c:\users\elvin\source\repos2019\fsfilter2\fsfilter2\x64\debug\fsfilter2.tlog\inf2cat-expand.13940.write.1.tlog
c:\users\elvin\source\repos2019\fsfilter2\fsfilter2\x64\debug\fsfilter2.tlog\inf2cat-expand.14084.read.1.tlog
c:\users\elvin\source\repos2019\fsfilter2\fsfilter2\x64\debug\fsfilter2.tlog\inf2cat-expand.14084.write.1.tlog
c:\users\elvin\source\repos2019\fsfilter2\fsfilter2\x64\debug\fsfilter2.tlog\inf2cat-expand.1412.read.1.tlog
c:\users\elvin\source\repos2019\fsfilter2\fsfilter2\x64\debug\fsfilter2.tlog\inf2cat-expand.1412.write.1.tlog
c:\users\elvin\source\repos2019\fsfilter2\fsfilter2\x64\debug\fsfilter2.tlog\inf2cat-expand.1416.read.1.tlog
c:\users\elvin\source\repos2019\fsfilter2\fsfilter2\x64\debug\fsfilter2.tlog\inf2cat-expand.1416.write.1.tlog
c:\users\elvin\source\repos2019\fsfilter2\fsfilter2\x64\debug\fsfilter2.tlog\inf2cat-expand.14228.read.1.tlog
c:\users\elvin\source\repos2019\fsfilter2\fsfilter2\x64\debug\fsfilter2.tlog\inf2cat-expand.14228.write.1.tlog
c:\users\elvin\source\repos2019\fsfilter2\fsfilter2\x64\debug\fsfilter2.tlog\inf2cat-expand.14492.read.1.tlog
c:\users\elvin\source\repos2019\fsfilter2\fsfilter2\x64\debug\fsfilter2.tlog\inf2cat-expand.14492.write.1.tlog
c:\users\elvin\source\repos2019\fsfilter2\fsfilter2\x64\debug\fsfilter2.tlog\inf2cat-expand.14496.read.1.tlog
c:\users\elvin\source\repos2019\fsfilter2\fsfilter2\x64\debug\fsfilter2.tlog\inf2cat-expand.14496.write.1.tlog
c:\users\elvin\source\repos2019\fsfilter2\fsfilter2\x64\debug\fsfilter2.tlog\inf2cat-expand.14524.read.1.tlog
c:\users\elvin\source\repos2019\fsfilter2\fsfilter2\x64\debug\fsfilter2.tlog\inf2cat-expand.14524.write.1.tlog
c:\users\elvin\source\repos2019\fsfilter2\fsfilter2\x64\debug\fsfilter2.tlog\inf2cat-expand.14772.read.1.tlog
c:\users\elvin\source\repos2019\fsfilter2\fsfilter2\x64\debug\fsfilter2.tlog\inf2cat-expand.14772.write.1.tlog
c:\users\elvin\source\repos2019\fsfilter2\fsfilter2\x64\debug\fsfilter2.tlog\inf2cat-expand.15032.read.1.tlog
c:\users\elvin\source\repos2019\fsfilter2\fsfilter2\x64\debug\fsfilter2.tlog\inf2cat-expand.15032.write.1.tlog
c:\users\elvin\source\repos2019\fsfilter2\fsfilter2\x64\debug\fsfilter2.tlog\inf2cat-expand.15096.read.1.tlog
c:\users\elvin\source\repos2019\fsfilter2\fsfilter2\x64\debug\fsfilter2.tlog\inf2cat-expand.15096.write.1.tlog
c:\users\elvin\source\repos2019\fsfilter2\fsfilter2\x64\debug\fsfilter2.tlog\inf2cat-expand.15332.read.1.tlog
c:\users\elvin\source\repos2019\fsfilter2\fsfilter2\x64\debug\fsfilter2.tlog\inf2cat-expand.15332.write.1.tlog
c:\users\elvin\source\repos2019\fsfilter2\fsfilter2\x64\debug\fsfilter2.tlog\inf2cat-expand.15340.read.1.tlog
c:\users\elvin\source\repos2019\fsfilter2\fsfilter2\x64\debug\fsfilter2.tlog\inf2cat-expand.15340.write.1.tlog
c:\users\elvin\source\repos2019\fsfilter2\fsfilter2\x64\debug\fsfilter2.tlog\inf2cat-expand.15428.read.1.tlog
c:\users\elvin\source\repos2019\fsfilter2\fsfilter2\x64\debug\fsfilter2.tlog\inf2cat-expand.15428.write.1.tlog
c:\users\elvin\source\repos2019\fsfilter2\fsfilter2\x64\debug\fsfilter2.tlog\inf2cat-expand.15624.read.1.tlog
c:\users\elvin\source\repos2019\fsfilter2\fsfilter2\x64\debug\fsfilter2.tlog\inf2cat-expand.15624.write.1.tlog
c:\users\elvin\source\repos2019\fsfilter2\fsfilter2\x64\debug\fsfilter2.tlog\inf2cat-expand.15784.read.1.tlog
c:\users\elvin\source\repos2019\fsfilter2\fsfilter2\x64\debug\fsfilter2.tlog\inf2cat-expand.15784.write.1.tlog
c:\users\elvin\source\repos2019\fsfilter2\fsfilter2\x64\debug\fsfilter2.tlog\inf2cat-expand.16160.read.1.tlog
c:\users\elvin\source\repos2019\fsfilter2\fsfilter2\x64\debug\fsfilter2.tlog\inf2cat-expand.16160.write.1.tlog
c:\users\elvin\source\repos2019\fsfilter2\fsfilter2\x64\debug\fsfilter2.tlog\inf2cat-expand.16268.read.1.tlog
c:\users\elvin\source\repos2019\fsfilter2\fsfilter2\x64\debug\fsfilter2.tlog\inf2cat-expand.16268.write.1.tlog
c:\users\elvin\source\repos2019\fsfilter2\fsfilter2\x64\debug\fsfilter2.tlog\inf2cat-expand.16344.read.1.tlog
c:\users\elvin\source\repos2019\fsfilter2\fsfilter2\x64\debug\fsfilter2.tlog\inf2cat-expand.16344.write.1.tlog
c:\users\elvin\source\repos2019\fsfilter2\fsfilter2\x64\debug\fsfilter2.tlog\inf2cat-expand.16364.read.1.tlog
c:\users\elvin\source\repos2019\fsfilter2\fsfilter2\x64\debug\fsfilter2.tlog\inf2cat-expand.16364.write.1.tlog
c:\users\elvin\source\repos2019\fsfilter2\fsfilter2\x64\debug\fsfilter2.tlog\inf2cat-expand.16420.read.1.tlog
c:\users\elvin\source\repos2019\fsfilter2\fsfilter2\x64\debug\fsfilter2.tlog\inf2cat-expand.16420.write.1.tlog
c:\users\elvin\source\repos2019\fsfilter2\fsfilter2\x64\debug\fsfilter2.tlog\inf2cat-expand.16436.read.1.tlog
c:\users\elvin\source\repos2019\fsfilter2\fsfilter2\x64\debug\fsfilter2.tlog\inf2cat-expand.16436.write.1.tlog
c:\users\elvin\source\repos2019\fsfilter2\fsfilter2\x64\debug\fsfilter2.tlog\inf2cat-expand.16620.read.1.tlog
c:\users\elvin\source\repos2019\fsfilter2\fsfilter2\x64\debug\fsfilter2.tlog\inf2cat-expand.16620.write.1.tlog
c:\users\elvin\source\repos2019\fsfilter2\fsfilter2\x64\debug\fsfilter2.tlog\inf2cat-expand.16668.read.1.tlog
c:\users\elvin\source\repos2019\fsfilter2\fsfilter2\x64\debug\fsfilter2.tlog\inf2cat-expand.16668.write.1.tlog
c:\users\elvin\source\repos2019\fsfilter2\fsfilter2\x64\debug\fsfilter2.tlog\inf2cat-expand.16812.read.1.tlog
c:\users\elvin\source\repos2019\fsfilter2\fsfilter2\x64\debug\fsfilter2.tlog\inf2cat-expand.16812.write.1.tlog
c:\users\elvin\source\repos2019\fsfilter2\fsfilter2\x64\debug\fsfilter2.tlog\inf2cat-expand.1684.read.1.tlog
c:\users\elvin\source\repos2019\fsfilter2\fsfilter2\x64\debug\fsfilter2.tlog\inf2cat-expand.1684.write.1.tlog
c:\users\elvin\source\repos2019\fsfilter2\fsfilter2\x64\debug\fsfilter2.tlog\inf2cat-expand.16960.read.1.tlog
c:\users\elvin\source\repos2019\fsfilter2\fsfilter2\x64\debug\fsfilter2.tlog\inf2cat-expand.16960.write.1.tlog
c:\users\elvin\source\repos2019\fsfilter2\fsfilter2\x64\debug\fsfilter2.tlog\inf2cat-expand.17168.read.1.tlog
c:\users\elvin\source\repos2019\fsfilter2\fsfilter2\x64\debug\fsfilter2.tlog\inf2cat-expand.17168.write.1.tlog
c:\users\elvin\source\repos2019\fsfilter2\fsfilter2\x64\debug\fsfilter2.tlog\inf2cat-expand.17300.read.1.tlog
c:\users\elvin\source\repos2019\fsfilter2\fsfilter2\x64\debug\fsfilter2.tlog\inf2cat-expand.17300.write.1.tlog
c:\users\elvin\source\repos2019\fsfilter2\fsfilter2\x64\debug\fsfilter2.tlog\inf2cat-expand.17356.read.1.tlog
c:\users\elvin\source\repos2019\fsfilter2\fsfilter2\x64\debug\fsfilter2.tlog\inf2cat-expand.17356.write.1.tlog
c:\users\elvin\source\repos2019\fsfilter2\fsfilter2\x64\debug\fsfilter2.tlog\inf2cat-expand.17568.read.1.tlog
c:\users\elvin\source\repos2019\fsfilter2\fsfilter2\x64\debug\fsfilter2.tlog\inf2cat-expand.17568.write.1.tlog
c:\users\elvin\source\repos2019\fsfilter2\fsfilter2\x64\debug\fsfilter2.tlog\inf2cat-expand.17588.read.1.tlog
c:\users\elvin\source\repos2019\fsfilter2\fsfilter2\x64\debug\fsfilter2.tlog\inf2cat-expand.17588.write.1.tlog
c:\users\elvin\source\repos2019\fsfilter2\fsfilter2\x64\debug\fsfilter2.tlog\inf2cat-expand.17740.read.1.tlog
c:\users\elvin\source\repos2019\fsfilter2\fsfilter2\x64\debug\fsfilter2.tlog\inf2cat-expand.17740.write.1.tlog
c:\users\elvin\source\repos2019\fsfilter2\fsfilter2\x64\debug\fsfilter2.tlog\inf2cat-expand.17760.read.1.tlog
c:\users\elvin\source\repos2019\fsfilter2\fsfilter2\x64\debug\fsfilter2.tlog\inf2cat-expand.17760.write.1.tlog
c:\users\elvin\source\repos2019\fsfilter2\fsfilter2\x64\debug\fsfilter2.tlog\inf2cat-expand.1788.read.1.tlog
c:\users\elvin\source\repos2019\fsfilter2\fsfilter2\x64\debug\fsfilter2.tlog\inf2cat-expand.1788.write.1.tlog
c:\users\elvin\source\repos2019\fsfilter2\fsfilter2\x64\debug\fsfilter2.tlog\inf2cat-expand.17940.read.1.tlog
c:\users\elvin\source\repos2019\fsfilter2\fsfilter2\x64\debug\fsfilter2.tlog\inf2cat-expand.17940.write.1.tlog
c:\users\elvin\source\repos2019\fsfilter2\fsfilter2\x64\debug\fsfilter2.tlog\inf2cat-expand.18108.read.1.tlog
c:\users\elvin\source\repos2019\fsfilter2\fsfilter2\x64\debug\fsfilter2.tlog\inf2cat-expand.18108.write.1.tlog
c:\users\elvin\source\repos2019\fsfilter2\fsfilter2\x64\debug\fsfilter2.tlog\inf2cat-expand.18136.read.1.tlog
c:\users\elvin\source\repos2019\fsfilter2\fsfilter2\x64\debug\fsfilter2.tlog\inf2cat-expand.18136.write.1.tlog
c:\users\elvin\source\repos2019\fsfilter2\fsfilter2\x64\debug\fsfilter2.tlog\inf2cat-expand.18200.read.1.tlog
c:\users\elvin\source\repos2019\fsfilter2\fsfilter2\x64\debug\fsfilter2.tlog\inf2cat-expand.18200.write.1.tlog
c:\users\elvin\source\repos2019\fsfilter2\fsfilter2\x64\debug\fsfilter2.tlog\inf2cat-expand.18240.read.1.tlog
c:\users\elvin\source\repos2019\fsfilter2\fsfilter2\x64\debug\fsfilter2.tlog\inf2cat-expand.18240.write.1.tlog
c:\users\elvin\source\repos2019\fsfilter2\fsfilter2\x64\debug\fsfilter2.tlog\inf2cat-expand.18272.read.1.tlog
c:\users\elvin\source\repos2019\fsfilter2\fsfilter2\x64\debug\fsfilter2.tlog\inf2cat-expand.18272.write.1.tlog
c:\users\elvin\source\repos2019\fsfilter2\fsfilter2\x64\debug\fsfilter2.tlog\inf2cat-expand.18280.read.1.tlog
c:\users\elvin\source\repos2019\fsfilter2\fsfilter2\x64\debug\fsfilter2.tlog\inf2cat-expand.18280.write.1.tlog
c:\users\elvin\source\repos2019\fsfilter2\fsfilter2\x64\debug\fsfilter2.tlog\inf2cat-expand.18284.read.1.tlog
c:\users\elvin\source\repos2019\fsfilter2\fsfilter2\x64\debug\fsfilter2.tlog\inf2cat-expand.18284.write.1.tlog
c:\users\elvin\source\repos2019\fsfilter2\fsfilter2\x64\debug\fsfilter2.tlog\inf2cat-expand.18376.read.1.tlog
c:\users\elvin\source\repos2019\fsfilter2\fsfilter2\x64\debug\fsfilter2.tlog\inf2cat-expand.18376.write.1.tlog
c:\users\elvin\source\repos2019\fsfilter2\fsfilter2\x64\debug\fsfilter2.tlog\inf2cat-expand.18612.read.1.tlog
c:\users\elvin\source\repos2019\fsfilter2\fsfilter2\x64\debug\fsfilter2.tlog\inf2cat-expand.18612.write.1.tlog
c:\users\elvin\source\repos2019\fsfilter2\fsfilter2\x64\debug\fsfilter2.tlog\inf2cat-expand.18712.read.1.tlog
c:\users\elvin\source\repos2019\fsfilter2\fsfilter2\x64\debug\fsfilter2.tlog\inf2cat-expand.18712.write.1.tlog
c:\users\elvin\source\repos2019\fsfilter2\fsfilter2\x64\debug\fsfilter2.tlog\inf2cat-expand.18720.read.1.tlog
c:\users\elvin\source\repos2019\fsfilter2\fsfilter2\x64\debug\fsfilter2.tlog\inf2cat-expand.18720.write.1.tlog
c:\users\elvin\source\repos2019\fsfilter2\fsfilter2\x64\debug\fsfilter2.tlog\inf2cat-expand.18728.read.1.tlog
c:\users\elvin\source\repos2019\fsfilter2\fsfilter2\x64\debug\fsfilter2.tlog\inf2cat-expand.18728.write.1.tlog
c:\users\elvin\source\repos2019\fsfilter2\fsfilter2\x64\debug\fsfilter2.tlog\inf2cat-expand.19040.read.1.tlog
c:\users\elvin\source\repos2019\fsfilter2\fsfilter2\x64\debug\fsfilter2.tlog\inf2cat-expand.19040.write.1.tlog
c:\users\elvin\source\repos2019\fsfilter2\fsfilter2\x64\debug\fsfilter2.tlog\inf2cat-expand.19084.read.1.tlog
c:\users\elvin\source\repos2019\fsfilter2\fsfilter2\x64\debug\fsfilter2.tlog\inf2cat-expand.19084.write.1.tlog
c:\users\elvin\source\repos2019\fsfilter2\fsfilter2\x64\debug\fsfilter2.tlog\inf2cat-expand.19152.read.1.tlog
c:\users\elvin\source\repos2019\fsfilter2\fsfilter2\x64\debug\fsfilter2.tlog\inf2cat-expand.19152.write.1.tlog
c:\users\elvin\source\repos2019\fsfilter2\fsfilter2\x64\debug\fsfilter2.tlog\inf2cat-expand.19532.read.1.tlog
c:\users\elvin\source\repos2019\fsfilter2\fsfilter2\x64\debug\fsfilter2.tlog\inf2cat-expand.19532.write.1.tlog
c:\users\elvin\source\repos2019\fsfilter2\fsfilter2\x64\debug\fsfilter2.tlog\inf2cat-expand.19640.read.1.tlog
c:\users\elvin\source\repos2019\fsfilter2\fsfilter2\x64\debug\fsfilter2.tlog\inf2cat-expand.19640.write.1.tlog
c:\users\elvin\source\repos2019\fsfilter2\fsfilter2\x64\debug\fsfilter2.tlog\inf2cat-expand.19748.read.1.tlog
c:\users\elvin\source\repos2019\fsfilter2\fsfilter2\x64\debug\fsfilter2.tlog\inf2cat-expand.19748.write.1.tlog
c:\users\elvin\source\repos2019\fsfilter2\fsfilter2\x64\debug\fsfilter2.tlog\inf2cat-expand.19780.read.1.tlog
c:\users\elvin\source\repos2019\fsfilter2\fsfilter2\x64\debug\fsfilter2.tlog\inf2cat-expand.19780.write.1.tlog
c:\users\elvin\source\repos2019\fsfilter2\fsfilter2\x64\debug\fsfilter2.tlog\inf2cat-expand.19784.read.1.tlog
c:\users\elvin\source\repos2019\fsfilter2\fsfilter2\x64\debug\fsfilter2.tlog\inf2cat-expand.19784.write.1.tlog
c:\users\elvin\source\repos2019\fsfilter2\fsfilter2\x64\debug\fsfilter2.tlog\inf2cat-expand.19956.read.1.tlog
c:\users\elvin\source\repos2019\fsfilter2\fsfilter2\x64\debug\fsfilter2.tlog\inf2cat-expand.19956.write.1.tlog
c:\users\elvin\source\repos2019\fsfilter2\fsfilter2\x64\debug\fsfilter2.tlog\inf2cat-expand.19996.read.1.tlog
c:\users\elvin\source\repos2019\fsfilter2\fsfilter2\x64\debug\fsfilter2.tlog\inf2cat-expand.19996.write.1.tlog
c:\users\elvin\source\repos2019\fsfilter2\fsfilter2\x64\debug\fsfilter2.tlog\inf2cat-expand.20076.read.1.tlog
c:\users\elvin\source\repos2019\fsfilter2\fsfilter2\x64\debug\fsfilter2.tlog\inf2cat-expand.20076.write.1.tlog
c:\users\elvin\source\repos2019\fsfilter2\fsfilter2\x64\debug\fsfilter2.tlog\inf2cat-expand.20240.read.1.tlog
c:\users\elvin\source\repos2019\fsfilter2\fsfilter2\x64\debug\fsfilter2.tlog\inf2cat-expand.20240.write.1.tlog
c:\users\elvin\source\repos2019\fsfilter2\fsfilter2\x64\debug\fsfilter2.tlog\inf2cat-expand.20388.read.1.tlog
c:\users\elvin\source\repos2019\fsfilter2\fsfilter2\x64\debug\fsfilter2.tlog\inf2cat-expand.20388.write.1.tlog
c:\users\elvin\source\repos2019\fsfilter2\fsfilter2\x64\debug\fsfilter2.tlog\inf2cat-expand.20392.read.1.tlog
c:\users\elvin\source\repos2019\fsfilter2\fsfilter2\x64\debug\fsfilter2.tlog\inf2cat-expand.20392.write.1.tlog
c:\users\elvin\source\repos2019\fsfilter2\fsfilter2\x64\debug\fsfilter2.tlog\inf2cat-expand.20408.read.1.tlog
c:\users\elvin\source\repos2019\fsfilter2\fsfilter2\x64\debug\fsfilter2.tlog\inf2cat-expand.20408.write.1.tlog
c:\users\elvin\source\repos2019\fsfilter2\fsfilter2\x64\debug\fsfilter2.tlog\inf2cat-expand.20428.read.1.tlog
c:\users\elvin\source\repos2019\fsfilter2\fsfilter2\x64\debug\fsfilter2.tlog\inf2cat-expand.20428.write.1.tlog
c:\users\elvin\source\repos2019\fsfilter2\fsfilter2\x64\debug\fsfilter2.tlog\inf2cat-expand.20544.read.1.tlog
c:\users\elvin\source\repos2019\fsfilter2\fsfilter2\x64\debug\fsfilter2.tlog\inf2cat-expand.20544.write.1.tlog
c:\users\elvin\source\repos2019\fsfilter2\fsfilter2\x64\debug\fsfilter2.tlog\inf2cat-expand.20576.read.1.tlog
c:\users\elvin\source\repos2019\fsfilter2\fsfilter2\x64\debug\fsfilter2.tlog\inf2cat-expand.20576.write.1.tlog
c:\users\elvin\source\repos2019\fsfilter2\fsfilter2\x64\debug\fsfilter2.tlog\inf2cat-expand.20660.read.1.tlog
c:\users\elvin\source\repos2019\fsfilter2\fsfilter2\x64\debug\fsfilter2.tlog\inf2cat-expand.20660.write.1.tlog
c:\users\elvin\source\repos2019\fsfilter2\fsfilter2\x64\debug\fsfilter2.tlog\inf2cat-expand.2080.read.1.tlog
c:\users\elvin\source\repos2019\fsfilter2\fsfilter2\x64\debug\fsfilter2.tlog\inf2cat-expand.2080.write.1.tlog
c:\users\elvin\source\repos2019\fsfilter2\fsfilter2\x64\debug\fsfilter2.tlog\inf2cat-expand.20856.read.1.tlog
c:\users\elvin\source\repos2019\fsfilter2\fsfilter2\x64\debug\fsfilter2.tlog\inf2cat-expand.20856.write.1.tlog
c:\users\elvin\source\repos2019\fsfilter2\fsfilter2\x64\debug\fsfilter2.tlog\inf2cat-expand.20872.read.1.tlog
c:\users\elvin\source\repos2019\fsfilter2\fsfilter2\x64\debug\fsfilter2.tlog\inf2cat-expand.20872.write.1.tlog
c:\users\elvin\source\repos2019\fsfilter2\fsfilter2\x64\debug\fsfilter2.tlog\inf2cat-expand.20924.read.1.tlog
c:\users\elvin\source\repos2019\fsfilter2\fsfilter2\x64\debug\fsfilter2.tlog\inf2cat-expand.20924.write.1.tlog
c:\users\elvin\source\repos2019\fsfilter2\fsfilter2\x64\debug\fsfilter2.tlog\inf2cat-expand.21300.read.1.tlog
c:\users\elvin\source\repos2019\fsfilter2\fsfilter2\x64\debug\fsfilter2.tlog\inf2cat-expand.21300.write.1.tlog
c:\users\elvin\source\repos2019\fsfilter2\fsfilter2\x64\debug\fsfilter2.tlog\inf2cat-expand.21308.read.1.tlog
c:\users\elvin\source\repos2019\fsfilter2\fsfilter2\x64\debug\fsfilter2.tlog\inf2cat-expand.21308.write.1.tlog
c:\users\elvin\source\repos2019\fsfilter2\fsfilter2\x64\debug\fsfilter2.tlog\inf2cat-expand.21472.read.1.tlog
c:\users\elvin\source\repos2019\fsfilter2\fsfilter2\x64\debug\fsfilter2.tlog\inf2cat-expand.21472.write.1.tlog
c:\users\elvin\source\repos2019\fsfilter2\fsfilter2\x64\debug\fsfilter2.tlog\inf2cat-expand.21616.read.1.tlog
c:\users\elvin\source\repos2019\fsfilter2\fsfilter2\x64\debug\fsfilter2.tlog\inf2cat-expand.21616.write.1.tlog
c:\users\elvin\source\repos2019\fsfilter2\fsfilter2\x64\debug\fsfilter2.tlog\inf2cat-expand.21660.read.1.tlog
c:\users\elvin\source\repos2019\fsfilter2\fsfilter2\x64\debug\fsfilter2.tlog\inf2cat-expand.21660.write.1.tlog
c:\users\elvin\source\repos2019\fsfilter2\fsfilter2\x64\debug\fsfilter2.tlog\inf2cat-expand.21696.read.1.tlog
c:\users\elvin\source\repos2019\fsfilter2\fsfilter2\x64\debug\fsfilter2.tlog\inf2cat-expand.21696.write.1.tlog
c:\users\elvin\source\repos2019\fsfilter2\fsfilter2\x64\debug\fsfilter2.tlog\inf2cat-expand.22064.read.1.tlog
c:\users\elvin\source\repos2019\fsfilter2\fsfilter2\x64\debug\fsfilter2.tlog\inf2cat-expand.22064.write.1.tlog
c:\users\elvin\source\repos2019\fsfilter2\fsfilter2\x64\debug\fsfilter2.tlog\inf2cat-expand.22324.read.1.tlog
c:\users\elvin\source\repos2019\fsfilter2\fsfilter2\x64\debug\fsfilter2.tlog\inf2cat-expand.22324.write.1.tlog
c:\users\elvin\source\repos2019\fsfilter2\fsfilter2\x64\debug\fsfilter2.tlog\inf2cat-expand.22428.read.1.tlog
c:\users\elvin\source\repos2019\fsfilter2\fsfilter2\x64\debug\fsfilter2.tlog\inf2cat-expand.22428.write.1.tlog
c:\users\elvin\source\repos2019\fsfilter2\fsfilter2\x64\debug\fsfilter2.tlog\inf2cat-expand.22488.read.1.tlog
c:\users\elvin\source\repos2019\fsfilter2\fsfilter2\x64\debug\fsfilter2.tlog\inf2cat-expand.22488.write.1.tlog
c:\users\elvin\source\repos2019\fsfilter2\fsfilter2\x64\debug\fsfilter2.tlog\inf2cat-expand.22532.read.1.tlog
c:\users\elvin\source\repos2019\fsfilter2\fsfilter2\x64\debug\fsfilter2.tlog\inf2cat-expand.22532.write.1.tlog
c:\users\elvin\source\repos2019\fsfilter2\fsfilter2\x64\debug\fsfilter2.tlog\inf2cat-expand.22536.read.1.tlog
c:\users\elvin\source\repos2019\fsfilter2\fsfilter2\x64\debug\fsfilter2.tlog\inf2cat-expand.22536.write.1.tlog
c:\users\elvin\source\repos2019\fsfilter2\fsfilter2\x64\debug\fsfilter2.tlog\inf2cat-expand.22644.read.1.tlog
c:\users\elvin\source\repos2019\fsfilter2\fsfilter2\x64\debug\fsfilter2.tlog\inf2cat-expand.22644.write.1.tlog
c:\users\elvin\source\repos2019\fsfilter2\fsfilter2\x64\debug\fsfilter2.tlog\inf2cat-expand.22904.read.1.tlog
c:\users\elvin\source\repos2019\fsfilter2\fsfilter2\x64\debug\fsfilter2.tlog\inf2cat-expand.22904.write.1.tlog
c:\users\elvin\source\repos2019\fsfilter2\fsfilter2\x64\debug\fsfilter2.tlog\inf2cat-expand.22916.read.1.tlog
c:\users\elvin\source\repos2019\fsfilter2\fsfilter2\x64\debug\fsfilter2.tlog\inf2cat-expand.22916.write.1.tlog
c:\users\elvin\source\repos2019\fsfilter2\fsfilter2\x64\debug\fsfilter2.tlog\inf2cat-expand.22992.read.1.tlog
c:\users\elvin\source\repos2019\fsfilter2\fsfilter2\x64\debug\fsfilter2.tlog\inf2cat-expand.22992.write.1.tlog
c:\users\elvin\source\repos2019\fsfilter2\fsfilter2\x64\debug\fsfilter2.tlog\inf2cat-expand.23228.read.1.tlog
c:\users\elvin\source\repos2019\fsfilter2\fsfilter2\x64\debug\fsfilter2.tlog\inf2cat-expand.23228.write.1.tlog
c:\users\elvin\source\repos2019\fsfilter2\fsfilter2\x64\debug\fsfilter2.tlog\inf2cat-expand.23236.read.1.tlog
c:\users\elvin\source\repos2019\fsfilter2\fsfilter2\x64\debug\fsfilter2.tlog\inf2cat-expand.23236.write.1.tlog
c:\users\elvin\source\repos2019\fsfilter2\fsfilter2\x64\debug\fsfilter2.tlog\inf2cat-expand.23400.read.1.tlog
c:\users\elvin\source\repos2019\fsfilter2\fsfilter2\x64\debug\fsfilter2.tlog\inf2cat-expand.23400.write.1.tlog
c:\users\elvin\source\repos2019\fsfilter2\fsfilter2\x64\debug\fsfilter2.tlog\inf2cat-expand.23496.read.1.tlog
c:\users\elvin\source\repos2019\fsfilter2\fsfilter2\x64\debug\fsfilter2.tlog\inf2cat-expand.23496.write.1.tlog
c:\users\elvin\source\repos2019\fsfilter2\fsfilter2\x64\debug\fsfilter2.tlog\inf2cat-expand.23548.read.1.tlog
c:\users\elvin\source\repos2019\fsfilter2\fsfilter2\x64\debug\fsfilter2.tlog\inf2cat-expand.23548.write.1.tlog
c:\users\elvin\source\repos2019\fsfilter2\fsfilter2\x64\debug\fsfilter2.tlog\inf2cat-expand.23648.read.1.tlog
c:\users\elvin\source\repos2019\fsfilter2\fsfilter2\x64\debug\fsfilter2.tlog\inf2cat-expand.23648.write.1.tlog
c:\users\elvin\source\repos2019\fsfilter2\fsfilter2\x64\debug\fsfilter2.tlog\inf2cat-expand.23668.read.1.tlog
c:\users\elvin\source\repos2019\fsfilter2\fsfilter2\x64\debug\fsfilter2.tlog\inf2cat-expand.23668.write.1.tlog
c:\users\elvin\source\repos2019\fsfilter2\fsfilter2\x64\debug\fsfilter2.tlog\inf2cat-expand.23700.read.1.tlog
c:\users\elvin\source\repos2019\fsfilter2\fsfilter2\x64\debug\fsfilter2.tlog\inf2cat-expand.23700.write.1.tlog
c:\users\elvin\source\repos2019\fsfilter2\fsfilter2\x64\debug\fsfilter2.tlog\inf2cat-expand.24048.read.1.tlog
c:\users\elvin\source\repos2019\fsfilter2\fsfilter2\x64\debug\fsfilter2.tlog\inf2cat-expand.24048.write.1.tlog
c:\users\elvin\source\repos2019\fsfilter2\fsfilter2\x64\debug\fsfilter2.tlog\inf2cat-expand.24060.read.1.tlog
c:\users\elvin\source\repos2019\fsfilter2\fsfilter2\x64\debug\fsfilter2.tlog\inf2cat-expand.24060.write.1.tlog
c:\users\elvin\source\repos2019\fsfilter2\fsfilter2\x64\debug\fsfilter2.tlog\inf2cat-expand.24088.read.1.tlog
c:\users\elvin\source\repos2019\fsfilter2\fsfilter2\x64\debug\fsfilter2.tlog\inf2cat-expand.24088.write.1.tlog
c:\users\elvin\source\repos2019\fsfilter2\fsfilter2\x64\debug\fsfilter2.tlog\inf2cat-expand.24132.read.1.tlog
c:\users\elvin\source\repos2019\fsfilter2\fsfilter2\x64\debug\fsfilter2.tlog\inf2cat-expand.24132.write.1.tlog
c:\users\elvin\source\repos2019\fsfilter2\fsfilter2\x64\debug\fsfilter2.tlog\inf2cat-expand.24268.read.1.tlog
c:\users\elvin\source\repos2019\fsfilter2\fsfilter2\x64\debug\fsfilter2.tlog\inf2cat-expand.24268.write.1.tlog
c:\users\elvin\source\repos2019\fsfilter2\fsfilter2\x64\debug\fsfilter2.tlog\inf2cat-expand.24288.read.1.tlog
c:\users\elvin\source\repos2019\fsfilter2\fsfilter2\x64\debug\fsfilter2.tlog\inf2cat-expand.24288.write.1.tlog
c:\users\elvin\source\repos2019\fsfilter2\fsfilter2\x64\debug\fsfilter2.tlog\inf2cat-expand.24476.read.1.tlog
c:\users\elvin\source\repos2019\fsfilter2\fsfilter2\x64\debug\fsfilter2.tlog\inf2cat-expand.24476.write.1.tlog
c:\users\elvin\source\repos2019\fsfilter2\fsfilter2\x64\debug\fsfilter2.tlog\inf2cat-expand.24524.read.1.tlog
c:\users\elvin\source\repos2019\fsfilter2\fsfilter2\x64\debug\fsfilter2.tlog\inf2cat-expand.24524.write.1.tlog
c:\users\elvin\source\repos2019\fsfilter2\fsfilter2\x64\debug\fsfilter2.tlog\inf2cat-expand.24544.read.1.tlog
c:\users\elvin\source\repos2019\fsfilter2\fsfilter2\x64\debug\fsfilter2.tlog\inf2cat-expand.24544.write.1.tlog
c:\users\elvin\source\repos2019\fsfilter2\fsfilter2\x64\debug\fsfilter2.tlog\inf2cat-expand.2456.read.1.tlog
c:\users\elvin\source\repos2019\fsfilter2\fsfilter2\x64\debug\fsfilter2.tlog\inf2cat-expand.2456.write.1.tlog
c:\users\elvin\source\repos2019\fsfilter2\fsfilter2\x64\debug\fsfilter2.tlog\inf2cat-expand.24772.read.1.tlog
c:\users\elvin\source\repos2019\fsfilter2\fsfilter2\x64\debug\fsfilter2.tlog\inf2cat-expand.24772.write.1.tlog
c:\users\elvin\source\repos2019\fsfilter2\fsfilter2\x64\debug\fsfilter2.tlog\inf2cat-expand.24796.read.1.tlog
c:\users\elvin\source\repos2019\fsfilter2\fsfilter2\x64\debug\fsfilter2.tlog\inf2cat-expand.24796.write.1.tlog
c:\users\elvin\source\repos2019\fsfilter2\fsfilter2\x64\debug\fsfilter2.tlog\inf2cat-expand.24800.read.1.tlog
c:\users\elvin\source\repos2019\fsfilter2\fsfilter2\x64\debug\fsfilter2.tlog\inf2cat-expand.24800.write.1.tlog
c:\users\elvin\source\repos2019\fsfilter2\fsfilter2\x64\debug\fsfilter2.tlog\inf2cat-expand.24820.read.1.tlog
c:\users\elvin\source\repos2019\fsfilter2\fsfilter2\x64\debug\fsfilter2.tlog\inf2cat-expand.24820.write.1.tlog
c:\users\elvin\source\repos2019\fsfilter2\fsfilter2\x64\debug\fsfilter2.tlog\inf2cat-expand.25004.read.1.tlog
c:\users\elvin\source\repos2019\fsfilter2\fsfilter2\x64\debug\fsfilter2.tlog\inf2cat-expand.25004.write.1.tlog
c:\users\elvin\source\repos2019\fsfilter2\fsfilter2\x64\debug\fsfilter2.tlog\inf2cat-expand.25096.read.1.tlog
c:\users\elvin\source\repos2019\fsfilter2\fsfilter2\x64\debug\fsfilter2.tlog\inf2cat-expand.25096.write.1.tlog
c:\users\elvin\source\repos2019\fsfilter2\fsfilter2\x64\debug\fsfilter2.tlog\inf2cat-expand.25120.read.1.tlog
c:\users\elvin\source\repos2019\fsfilter2\fsfilter2\x64\debug\fsfilter2.tlog\inf2cat-expand.25120.write.1.tlog
c:\users\elvin\source\repos2019\fsfilter2\fsfilter2\x64\debug\fsfilter2.tlog\inf2cat-expand.25132.read.1.tlog
c:\users\elvin\source\repos2019\fsfilter2\fsfilter2\x64\debug\fsfilter2.tlog\inf2cat-expand.25132.write.1.tlog
c:\users\elvin\source\repos2019\fsfilter2\fsfilter2\x64\debug\fsfilter2.tlog\inf2cat-expand.25256.read.1.tlog
c:\users\elvin\source\repos2019\fsfilter2\fsfilter2\x64\debug\fsfilter2.tlog\inf2cat-expand.25256.write.1.tlog
c:\users\elvin\source\repos2019\fsfilter2\fsfilter2\x64\debug\fsfilter2.tlog\inf2cat-expand.25264.read.1.tlog
c:\users\elvin\source\repos2019\fsfilter2\fsfilter2\x64\debug\fsfilter2.tlog\inf2cat-expand.25264.write.1.tlog
c:\users\elvin\source\repos2019\fsfilter2\fsfilter2\x64\debug\fsfilter2.tlog\inf2cat-expand.25512.read.1.tlog
c:\users\elvin\source\repos2019\fsfilter2\fsfilter2\x64\debug\fsfilter2.tlog\inf2cat-expand.25512.write.1.tlog
c:\users\elvin\source\repos2019\fsfilter2\fsfilter2\x64\debug\fsfilter2.tlog\inf2cat-expand.25644.read.1.tlog
c:\users\elvin\source\repos2019\fsfilter2\fsfilter2\x64\debug\fsfilter2.tlog\inf2cat-expand.25644.write.1.tlog
c:\users\elvin\source\repos2019\fsfilter2\fsfilter2\x64\debug\fsfilter2.tlog\inf2cat-expand.26008.read.1.tlog
c:\users\elvin\source\repos2019\fsfilter2\fsfilter2\x64\debug\fsfilter2.tlog\inf2cat-expand.26008.write.1.tlog
c:\users\elvin\source\repos2019\fsfilter2\fsfilter2\x64\debug\fsfilter2.tlog\inf2cat-expand.26120.read.1.tlog
c:\users\elvin\source\repos2019\fsfilter2\fsfilter2\x64\debug\fsfilter2.tlog\inf2cat-expand.26120.write.1.tlog
c:\users\elvin\source\repos2019\fsfilter2\fsfilter2\x64\debug\fsfilter2.tlog\inf2cat-expand.26172.read.1.tlog
c:\users\elvin\source\repos2019\fsfilter2\fsfilter2\x64\debug\fsfilter2.tlog\inf2cat-expand.26172.write.1.tlog
c:\users\elvin\source\repos2019\fsfilter2\fsfilter2\x64\debug\fsfilter2.tlog\inf2cat-expand.26256.read.1.tlog
c:\users\elvin\source\repos2019\fsfilter2\fsfilter2\x64\debug\fsfilter2.tlog\inf2cat-expand.26256.write.1.tlog
c:\users\elvin\source\repos2019\fsfilter2\fsfilter2\x64\debug\fsfilter2.tlog\inf2cat-expand.26268.read.1.tlog
c:\users\elvin\source\repos2019\fsfilter2\fsfilter2\x64\debug\fsfilter2.tlog\inf2cat-expand.26268.write.1.tlog
c:\users\elvin\source\repos2019\fsfilter2\fsfilter2\x64\debug\fsfilter2.tlog\inf2cat-expand.26284.read.1.tlog
c:\users\elvin\source\repos2019\fsfilter2\fsfilter2\x64\debug\fsfilter2.tlog\inf2cat-expand.26284.write.1.tlog
c:\users\elvin\source\repos2019\fsfilter2\fsfilter2\x64\debug\fsfilter2.tlog\inf2cat-expand.26760.read.1.tlog
c:\users\elvin\source\repos2019\fsfilter2\fsfilter2\x64\debug\fsfilter2.tlog\inf2cat-expand.26760.write.1.tlog
c:\users\elvin\source\repos2019\fsfilter2\fsfilter2\x64\debug\fsfilter2.tlog\inf2cat-expand.26768.read.1.tlog
c:\users\elvin\source\repos2019\fsfilter2\fsfilter2\x64\debug\fsfilter2.tlog\inf2cat-expand.26768.write.1.tlog
c:\users\elvin\source\repos2019\fsfilter2\fsfilter2\x64\debug\fsfilter2.tlog\inf2cat-expand.27068.read.1.tlog
c:\users\elvin\source\repos2019\fsfilter2\fsfilter2\x64\debug\fsfilter2.tlog\inf2cat-expand.27068.write.1.tlog
c:\users\elvin\source\repos2019\fsfilter2\fsfilter2\x64\debug\fsfilter2.tlog\inf2cat-expand.27156.read.1.tlog
c:\users\elvin\source\repos2019\fsfilter2\fsfilter2\x64\debug\fsfilter2.tlog\inf2cat-expand.27156.write.1.tlog
c:\users\elvin\source\repos2019\fsfilter2\fsfilter2\x64\debug\fsfilter2.tlog\inf2cat-expand.27400.read.1.tlog
c:\users\elvin\source\repos2019\fsfilter2\fsfilter2\x64\debug\fsfilter2.tlog\inf2cat-expand.27400.write.1.tlog
c:\users\elvin\source\repos2019\fsfilter2\fsfilter2\x64\debug\fsfilter2.tlog\inf2cat-expand.27900.read.1.tlog
c:\users\elvin\source\repos2019\fsfilter2\fsfilter2\x64\debug\fsfilter2.tlog\inf2cat-expand.27900.write.1.tlog
c:\users\elvin\source\repos2019\fsfilter2\fsfilter2\x64\debug\fsfilter2.tlog\inf2cat-expand.27996.read.1.tlog
c:\users\elvin\source\repos2019\fsfilter2\fsfilter2\x64\debug\fsfilter2.tlog\inf2cat-expand.27996.write.1.tlog
c:\users\elvin\source\repos2019\fsfilter2\fsfilter2\x64\debug\fsfilter2.tlog\inf2cat-expand.28072.read.1.tlog
c:\users\elvin\source\repos2019\fsfilter2\fsfilter2\x64\debug\fsfilter2.tlog\inf2cat-expand.28072.write.1.tlog
c:\users\elvin\source\repos2019\fsfilter2\fsfilter2\x64\debug\fsfilter2.tlog\inf2cat-expand.28160.read.1.tlog
c:\users\elvin\source\repos2019\fsfilter2\fsfilter2\x64\debug\fsfilter2.tlog\inf2cat-expand.28160.write.1.tlog
c:\users\elvin\source\repos2019\fsfilter2\fsfilter2\x64\debug\fsfilter2.tlog\inf2cat-expand.2844.read.1.tlog
c:\users\elvin\source\repos2019\fsfilter2\fsfilter2\x64\debug\fsfilter2.tlog\inf2cat-expand.2844.write.1.tlog
c:\users\elvin\source\repos2019\fsfilter2\fsfilter2\x64\debug\fsfilter2.tlog\inf2cat-expand.2900.read.1.tlog
c:\users\elvin\source\repos2019\fsfilter2\fsfilter2\x64\debug\fsfilter2.tlog\inf2cat-expand.2900.write.1.tlog
c:\users\elvin\source\repos2019\fsfilter2\fsfilter2\x64\debug\fsfilter2.tlog\inf2cat-expand.3128.read.1.tlog
c:\users\elvin\source\repos2019\fsfilter2\fsfilter2\x64\debug\fsfilter2.tlog\inf2cat-expand.3128.write.1.tlog
c:\users\elvin\source\repos2019\fsfilter2\fsfilter2\x64\debug\fsfilter2.tlog\inf2cat-expand.3348.read.1.tlog
c:\users\elvin\source\repos2019\fsfilter2\fsfilter2\x64\debug\fsfilter2.tlog\inf2cat-expand.3348.write.1.tlog
c:\users\elvin\source\repos2019\fsfilter2\fsfilter2\x64\debug\fsfilter2.tlog\inf2cat-expand.3640.read.1.tlog
c:\users\elvin\source\repos2019\fsfilter2\fsfilter2\x64\debug\fsfilter2.tlog\inf2cat-expand.3640.write.1.tlog
c:\users\elvin\source\repos2019\fsfilter2\fsfilter2\x64\debug\fsfilter2.tlog\inf2cat-expand.3748.read.1.tlog
c:\users\elvin\source\repos2019\fsfilter2\fsfilter2\x64\debug\fsfilter2.tlog\inf2cat-expand.3748.write.1.tlog
c:\users\elvin\source\repos2019\fsfilter2\fsfilter2\x64\debug\fsfilter2.tlog\inf2cat-expand.4044.read.1.tlog
c:\users\elvin\source\repos2019\fsfilter2\fsfilter2\x64\debug\fsfilter2.tlog\inf2cat-expand.4044.write.1.tlog
c:\users\elvin\source\repos2019\fsfilter2\fsfilter2\x64\debug\fsfilter2.tlog\inf2cat-expand.4596.read.1.tlog
c:\users\elvin\source\repos2019\fsfilter2\fsfilter2\x64\debug\fsfilter2.tlog\inf2cat-expand.4596.write.1.tlog
c:\users\elvin\source\repos2019\fsfilter2\fsfilter2\x64\debug\fsfilter2.tlog\inf2cat-expand.5280.read.1.tlog
c:\users\elvin\source\repos2019\fsfilter2\fsfilter2\x64\debug\fsfilter2.tlog\inf2cat-expand.5280.write.1.tlog
c:\users\elvin\source\repos2019\fsfilter2\fsfilter2\x64\debug\fsfilter2.tlog\inf2cat-expand.5904.read.1.tlog
c:\users\elvin\source\repos2019\fsfilter2\fsfilter2\x64\debug\fsfilter2.tlog\inf2cat-expand.5904.write.1.tlog
c:\users\elvin\source\repos2019\fsfilter2\fsfilter2\x64\debug\fsfilter2.tlog\inf2cat-expand.6796.read.1.tlog
c:\users\elvin\source\repos2019\fsfilter2\fsfilter2\x64\debug\fsfilter2.tlog\inf2cat-expand.6796.write.1.tlog
c:\users\elvin\source\repos2019\fsfilter2\fsfilter2\x64\debug\fsfilter2.tlog\inf2cat-expand.696.read.1.tlog
c:\users\elvin\source\repos2019\fsfilter2\fsfilter2\x64\debug\fsfilter2.tlog\inf2cat-expand.696.write.1.tlog
c:\users\elvin\source\repos2019\fsfilter2\fsfilter2\x64\debug\fsfilter2.tlog\inf2cat-expand.7432.read.1.tlog
c:\users\elvin\source\repos2019\fsfilter2\fsfilter2\x64\debug\fsfilter2.tlog\inf2cat-expand.7432.write.1.tlog
c:\users\elvin\source\repos2019\fsfilter2\fsfilter2\x64\debug\fsfilter2.tlog\inf2cat-expand.7608.read.1.tlog
c:\users\elvin\source\repos2019\fsfilter2\fsfilter2\x64\debug\fsfilter2.tlog\inf2cat-expand.7608.write.1.tlog
c:\users\elvin\source\repos2019\fsfilter2\fsfilter2\x64\debug\fsfilter2.tlog\inf2cat-expand.8016.read.1.tlog
c:\users\elvin\source\repos2019\fsfilter2\fsfilter2\x64\debug\fsfilter2.tlog\inf2cat-expand.8016.write.1.tlog
c:\users\elvin\source\repos2019\fsfilter2\fsfilter2\x64\debug\fsfilter2.tlog\inf2cat-expand.8696.read.1.tlog
c:\users\elvin\source\repos2019\fsfilter2\fsfilter2\x64\debug\fsfilter2.tlog\inf2cat-expand.8696.write.1.tlog
c:\users\elvin\source\repos2019\fsfilter2\fsfilter2\x64\debug\fsfilter2.tlog\inf2cat-expand.8796.read.1.tlog
c:\users\elvin\source\repos2019\fsfilter2\fsfilter2\x64\debug\fsfilter2.tlog\inf2cat-expand.8796.write.1.tlog
c:\users\elvin\source\repos2019\fsfilter2\fsfilter2\x64\debug\fsfilter2.tlog\inf2cat-expand.8808.read.1.tlog
c:\users\elvin\source\repos2019\fsfilter2\fsfilter2\x64\debug\fsfilter2.tlog\inf2cat-expand.8808.write.1.tlog
c:\users\elvin\source\repos2019\fsfilter2\fsfilter2\x64\debug\fsfilter2.tlog\inf2cat-expand.9064.read.1.tlog
c:\users\elvin\source\repos2019\fsfilter2\fsfilter2\x64\debug\fsfilter2.tlog\inf2cat-expand.9064.write.1.tlog
c:\users\elvin\source\repos2019\fsfilter2\fsfilter2\x64\debug\fsfilter2.tlog\inf2cat-expand.9072.read.1.tlog
c:\users\elvin\source\repos2019\fsfilter2\fsfilter2\x64\debug\fsfilter2.tlog\inf2cat-expand.9072.write.1.tlog
c:\users\elvin\source\repos2019\fsfilter2\fsfilter2\x64\debug\fsfilter2.tlog\inf2cat-expand.9428.read.1.tlog
c:\users\elvin\source\repos2019\fsfilter2\fsfilter2\x64\debug\fsfilter2.tlog\inf2cat-expand.9428.write.1.tlog
c:\users\elvin\source\repos2019\fsfilter2\fsfilter2\x64\debug\fsfilter2.tlog\inf2cat-expand.9468.read.1.tlog
c:\users\elvin\source\repos2019\fsfilter2\fsfilter2\x64\debug\fsfilter2.tlog\inf2cat-expand.9468.write.1.tlog
c:\users\elvin\source\repos2019\fsfilter2\fsfilter2\x64\debug\fsfilter2.tlog\inf2cat-expand.952.read.1.tlog
c:\users\elvin\source\repos2019\fsfilter2\fsfilter2\x64\debug\fsfilter2.tlog\inf2cat-expand.952.write.1.tlog
c:\users\elvin\source\repos2019\fsfilter2\fsfilter2\x64\debug\fsfilter2.tlog\inf2cat-expand.9544.read.1.tlog
c:\users\elvin\source\repos2019\fsfilter2\fsfilter2\x64\debug\fsfilter2.tlog\inf2cat-expand.9544.write.1.tlog
c:\users\elvin\source\repos2019\fsfilter2\fsfilter2\x64\debug\fsfilter2.tlog\inf2cat-expand.9904.read.1.tlog
c:\users\elvin\source\repos2019\fsfilter2\fsfilter2\x64\debug\fsfilter2.tlog\inf2cat-expand.9904.write.1.tlog
c:\users\elvin\source\repos2019\fsfilter2\fsfilter2\x64\debug\fsfilter2.tlog\inf2cat-expand.read.1.tlog
c:\users\elvin\source\repos2019\fsfilter2\fsfilter2\x64\debug\fsfilter2.tlog\inf2cat-expand.write.1.tlog
c:\users\elvin\source\repos2019\fsfilter2\fsfilter2\x64\debug\fsfilter2.tlog\inf2cat.command.1.tlog
c:\users\elvin\source\repos2019\fsfilter2\fsfilter2\x64\debug\fsfilter2.tlog\inf2cat.read.1.tlog
c:\users\elvin\source\repos2019\fsfilter2\fsfilter2\x64\debug\fsfilter2.tlog\inf2cat.read.8.tlog
c:\users\elvin\source\repos2019\fsfilter2\fsfilter2\x64\debug\fsfilter2.tlog\inf2cat.write.1.tlog
c:\users\elvin\source\repos2019\fsfilter2\fsfilter2\x64\debug\fsfilter2.tlog\inf2cat.write.8.tlog
c:\users\elvin\source\repos2019\fsfilter2\fsfilter2\x64\debug\fsfilter2.tlog\link.command.1.tlog
c:\users\elvin\source\repos2019\fsfilter2\fsfilter2\x64\debug\fsfilter2.tlog\link.delete.1.tlog
c:\users\elvin\source\repos2019\fsfilter2\fsfilter2\x64\debug\fsfilter2.tlog\link.read.1.tlog
c:\users\elvin\source\repos2019\fsfilter2\fsfilter2\x64\debug\fsfilter2.tlog\link.write.1.tlog
c:\users\elvin\source\repos2019\fsfilter2\fsfilter2\x64\debug\fsfilter2.tlog\rc.command.1.tlog
c:\users\elvin\source\repos2019\fsfilter2\fsfilter2\x64\debug\fsfilter2.tlog\rc.read.1.tlog
c:\users\elvin\source\repos2019\fsfilter2\fsfilter2\x64\debug\fsfilter2.tlog\rc.write.1.tlog
c:\users\elvin\source\repos2019\fsfilter2\fsfilter2\x64\debug\fsfilter2.tlog\signtool.command.1.tlog
c:\users\elvin\source\repos2019\fsfilter2\fsfilter2\x64\debug\fsfilter2.tlog\signtool.read.1.tlog
c:\users\elvin\source\repos2019\fsfilter2\fsfilter2\x64\debug\fsfilter2.tlog\signtool.timestamp.1.tlog
c:\users\elvin\source\repos2019\fsfilter2\fsfilter2\x64\debug\fsfilter2.tlog\signtool.write.1.tlog
c:\users\elvin\source\repos2019\fsfilter2\fsfilter2\x64\debug\fsfilter2.tlog\stampinf.command.1.tlog
c:\users\elvin\source\repos2019\fsfilter2\fsfilter2\x64\debug\fsfilter2.tlog\stampinf.read.1.tlog
c:\users\elvin\source\repos2019\fsfilter2\fsfilter2\x64\debug\fsfilter2.tlog\stampinf.write.1.tlog
